2020-04-03 21:39:54.9079|INFO|Microsoft.AspNetCore.DataProtection.KeyManagement.XmlKeyManager|User profile is available. Using 'C:\Users\jp123\AppData\Local\ASP.NET\DataProtection-Keys' as key repository and Windows DPAPI to encrypt keys at rest.
2020-04-03 21:39:55.5594|INFO|Microsoft.AspNetCore.Hosting.Internal.WebHost|Request starting HTTP/1.1 DEBUG http://localhost:15328/  0
2020-04-03 21:39:55.5594|INFO|Microsoft.AspNetCore.Hosting.Internal.WebHost|Request starting HTTP/1.1 GET http://localhost:15328/  
2020-04-03 21:39:55.6209|INFO|Microsoft.AspNetCore.Hosting.Internal.WebHost|Request finished in 60.3624ms 200 
2020-04-03 21:39:55.8027|INFO|Microsoft.AspNetCore.Hosting.Internal.WebHost|Request finished in 244.3765ms 404 text/plain
2020-04-03 21:39:56.6780|INFO|Microsoft.AspNetCore.Hosting.Internal.WebHost|Request starting HTTP/1.1 GET http://localhost:15328/api/cities/1/pointsofinterest  
2020-04-03 21:39:56.7953|INFO|Microsoft.AspNetCore.Mvc.Internal.ControllerActionInvoker|Route matched with {action = "GetPointOfInterest", controller = "PointsOfInterest"}. Executing controller action with signature Microsoft.AspNetCore.Mvc.IActionResult GetPointOfInterest(Int32) on controller CityInfo.API.Controllers.PointsOfInterestController (CityInfo.API).
2020-04-03 21:39:56.8598|INFO|Microsoft.AspNetCore.Mvc.Internal.ControllerActionInvoker|Executing action method CityInfo.API.Controllers.PointsOfInterestController.GetPointOfInterest (CityInfo.API) - Validation state: Valid
2020-04-03 21:39:57.0110|FATAL|CityInfo.API.Controllers.PointsOfInterestController|Exception while getting points of interest for city with id 1
2020-04-03 21:39:57.0187|INFO|Microsoft.AspNetCore.Mvc.Internal.ControllerActionInvoker|Executed action method CityInfo.API.Controllers.PointsOfInterestController.GetPointOfInterest (CityInfo.API), returned result Microsoft.AspNetCore.Mvc.ObjectResult in 106.8613ms.
2020-04-03 21:39:57.0322|INFO|Microsoft.AspNetCore.Mvc.Infrastructure.ObjectResultExecutor|Executing ObjectResult, writing value of type 'System.String'.
2020-04-03 21:39:57.0453|INFO|Microsoft.AspNetCore.Mvc.Internal.ControllerActionInvoker|Executed action CityInfo.API.Controllers.PointsOfInterestController.GetPointOfInterest (CityInfo.API) in 211.4547ms
2020-04-03 21:39:57.0453|INFO|Microsoft.AspNetCore.Hosting.Internal.WebHost|Request finished in 374.4342ms 500 text/plain; charset=utf-8
2020-04-03 21:39:58.1556|INFO|Microsoft.AspNetCore.Hosting.Internal.WebHost|Request starting HTTP/1.1 GET http://localhost:15328/api/cities/1/pointsofinterest  
2020-04-03 21:39:58.2101|INFO|Microsoft.AspNetCore.Mvc.Internal.ControllerActionInvoker|Route matched with {action = "GetPointOfInterest", controller = "PointsOfInterest"}. Executing controller action with signature Microsoft.AspNetCore.Mvc.IActionResult GetPointOfInterest(Int32) on controller CityInfo.API.Controllers.PointsOfInterestController (CityInfo.API).
2020-04-03 21:39:58.2154|INFO|Microsoft.AspNetCore.Mvc.Internal.ControllerActionInvoker|Executing action method CityInfo.API.Controllers.PointsOfInterestController.GetPointOfInterest (CityInfo.API) - Validation state: Valid
2020-04-03 21:39:58.3208|FATAL|CityInfo.API.Controllers.PointsOfInterestController|Exception while getting points of interest for city with id 1
2020-04-03 21:39:58.3250|INFO|Microsoft.AspNetCore.Mvc.Internal.ControllerActionInvoker|Executed action method CityInfo.API.Controllers.PointsOfInterestController.GetPointOfInterest (CityInfo.API), returned result Microsoft.AspNetCore.Mvc.ObjectResult in 48.53ms.
2020-04-03 21:39:58.3399|INFO|Microsoft.AspNetCore.Mvc.Infrastructure.ObjectResultExecutor|Executing ObjectResult, writing value of type 'System.String'.
2020-04-03 21:39:58.3399|INFO|Microsoft.AspNetCore.Mvc.Internal.ControllerActionInvoker|Executed action CityInfo.API.Controllers.PointsOfInterestController.GetPointOfInterest (CityInfo.API) in 130.4191ms
2020-04-03 21:39:58.3399|INFO|Microsoft.AspNetCore.Hosting.Internal.WebHost|Request finished in 196.4189ms 500 text/plain; charset=utf-8
2020-04-03 21:45:40.2537|INFO|CityInfo.API.Program|Initializing application...
2020-04-03 21:45:41.9151|INFO|Microsoft.AspNetCore.DataProtection.KeyManagement.XmlKeyManager|User profile is available. Using 'C:\Users\jp123\AppData\Local\ASP.NET\DataProtection-Keys' as key repository and Windows DPAPI to encrypt keys at rest.
2020-04-03 21:45:42.5512|INFO|Microsoft.AspNetCore.Hosting.Internal.WebHost|Request starting HTTP/1.1 DEBUG http://localhost:15328/  0
2020-04-03 21:45:42.5512|INFO|Microsoft.AspNetCore.Hosting.Internal.WebHost|Request starting HTTP/1.1 GET http://localhost:15328/  
2020-04-03 21:45:43.0615|INFO|Microsoft.AspNetCore.Hosting.Internal.WebHost|Request finished in 510.5676ms 200 
2020-04-03 21:45:43.2769|INFO|Microsoft.AspNetCore.Hosting.Internal.WebHost|Request finished in 727.938ms 404 text/plain
2020-04-03 21:45:51.4807|INFO|Microsoft.AspNetCore.Hosting.Internal.WebHost|Request starting HTTP/1.1 GET http://localhost:15328/api/cities/1/pointsofinterest  
2020-04-03 21:45:51.5412|INFO|Microsoft.AspNetCore.Mvc.Internal.ControllerActionInvoker|Route matched with {action = "GetPointOfInterest", controller = "PointsOfInterest"}. Executing controller action with signature Microsoft.AspNetCore.Mvc.IActionResult GetPointOfInterest(Int32) on controller CityInfo.API.Controllers.PointsOfInterestController (CityInfo.API).
2020-04-03 21:45:51.5809|INFO|Microsoft.AspNetCore.Mvc.Internal.ControllerActionInvoker|Executing action method CityInfo.API.Controllers.PointsOfInterestController.GetPointOfInterest (CityInfo.API) - Validation state: Valid
2020-04-03 21:45:51.6865|FATAL|CityInfo.API.Controllers.PointsOfInterestController|Exception while getting points of interest for city with id 1
2020-04-03 21:45:51.6865|INFO|Microsoft.AspNetCore.Mvc.Internal.ControllerActionInvoker|Executed action method CityInfo.API.Controllers.PointsOfInterestController.GetPointOfInterest (CityInfo.API), returned result Microsoft.AspNetCore.Mvc.ObjectResult in 105.151ms.
2020-04-03 21:45:51.7077|INFO|Microsoft.AspNetCore.Mvc.Infrastructure.ObjectResultExecutor|Executing ObjectResult, writing value of type 'System.String'.
2020-04-03 21:45:51.7181|INFO|Microsoft.AspNetCore.Mvc.Internal.ControllerActionInvoker|Executed action CityInfo.API.Controllers.PointsOfInterestController.GetPointOfInterest (CityInfo.API) in 168.9328ms
2020-04-03 21:45:51.7181|INFO|Microsoft.AspNetCore.Hosting.Internal.WebHost|Request finished in 245.5433ms 500 text/plain; charset=utf-8
